#
# There is insufficient memory for the Java Runtime Environment to continue.
# Native memory allocation (mmap) failed to map 2031616 bytes. Error detail: G1 virtual space
# Possible reasons:
#   The system is out of physical RAM or swap space
#   This process is running with CompressedOops enabled, and the Java Heap may be blocking the growth of the native heap
# Possible solutions:
#   Reduce memory load on the system
#   Increase physical memory or swap space
#   Check if swap backing store is full
#   Decrease Java heap size (-Xmx/-Xms)
#   Decrease number of Java threads
#   Decrease Java thread stack sizes (-Xss)
#   Set larger code cache with -XX:ReservedCodeCacheSize=
#   JVM is running with Unscaled Compressed Oops mode in which the Java heap is
#     placed in the first 4GB address space. The Java Heap base address is the
#     maximum limit for the native heap growth. Please use -XX:HeapBaseMinAddress
#     to set the Java Heap base and to place the Java Heap above 4GB virtual address.
# This output file may be truncated or incomplete.
#
#  Out of Memory Error (os_windows.cpp:3631), pid=19148, tid=10408
#
# JRE version:  (22.0.2+9) (build )
# Java VM: Java HotSpot(TM) 64-Bit Server VM (22.0.2+9-70, mixed mode, sharing, tiered, compressed oops, compressed class ptrs, g1 gc, windows-amd64)
# No core dump will be written. Minidumps are not enabled by default on client versions of Windows
#

---------------  S U M M A R Y ------------

Command Line: -Dfile.encoding=UTF-8 --module-path=C:\Users\63945\Documents\AttendanceQrSystem\AttendanceQrSystem\build\classes forms.RegisterStudents

Host: Intel(R) Core(TM) i5-1035G1 CPU @ 1.00GHz, 8 cores, 7G,  Windows 11 , 64 bit Build 22621 (10.0.22621.4391)
Time: Thu Feb 27 22:57:24 2025 Malay Peninsula Standard Time elapsed time: 0.238869 seconds (0d 0h 0m 0s)

---------------  T H R E A D  ---------------

Current thread (0x0000024576a42240):  JavaThread "Unknown thread" [_thread_in_vm, id=10408, stack(0x000000a094d00000,0x000000a094e00000) (1024K)]

Stack: [0x000000a094d00000,0x000000a094e00000]
Native frames: (J=compiled Java code, j=interpreted, Vv=VM code, C=native code)
V  [jvm.dll+0x6e26e9]  (no source info available)
V  [jvm.dll+0x875753]  (no source info available)
V  [jvm.dll+0x877b7e]  (no source info available)
V  [jvm.dll+0x878253]  (no source info available)
V  [jvm.dll+0x27fc86]  (no source info available)
V  [jvm.dll+0x6ded85]  (no source info available)
V  [jvm.dll+0x6d388a]  (no source info available)
V  [jvm.dll+0x358b8a]  (no source info available)
V  [jvm.dll+0x3610b6]  (no source info available)
V  [jvm.dll+0x3b41b3]  (no source info available)
V  [jvm.dll+0x3b4448]  (no source info available)
V  [jvm.dll+0x32c5ec]  (no source info available)
V  [jvm.dll+0x32d258]  (no source info available)
V  [jvm.dll+0x83d5ac]  (no source info available)
V  [jvm.dll+0x3c10d1]  (no source info available)
V  [jvm.dll+0x8264cc]  (no source info available)
V  [jvm.dll+0x45bd5e]  (no source info available)
V  [jvm.dll+0x45dbe1]  (no source info available)
C  [jli.dll+0x52a3]  (no source info available)
C  [ucrtbase.dll+0x29333]  (no source info available)
C  [KERNEL32.DLL+0x1259d]  (no source info available)
C  [ntdll.dll+0x5af38]  (no source info available)


---------------  P R O C E S S  ---------------

Threads class SMR info:
_java_thread_list=0x00007ffbe8eec1c8, length=0, elements={
}

Java Threads: ( => current thread )
Total: 0

Other Threads:
  0x0000024578d247d0 WorkerThread "GC Thread#0"                     [id=13576, stack(0x000000a094e00000,0x000000a094f00000) (1024K)]
  0x0000024578d35170 ConcurrentGCThread "G1 Main Marker"            [id=54460, stack(0x000000a094f00000,0x000000a095000000) (1024K)]
  0x0000024578d36420 WorkerThread "G1 Conc#0"                       [id=41500, stack(0x000000a095000000,0x000000a095100000) (1024K)]

[error occurred during error reporting (printing all threads), id 0xc0000005, EXCEPTION_ACCESS_VIOLATION (0xc0000005) at pc=0x00007ffbe863f517]
VM state: not at safepoint (not fully initialized)

VM Mutex/Monitor currently owned by a thread:  ([mutex/lock_event])
[0x00007ffbe8f6cc80] Heap_lock - owner thread: 0x0000024576a42240

Heap address: 0x0000000084000000, size: 1984 MB, Compressed Oops mode: 32-bit

CDS archive(s) mapped at: [0x0000000000000000-0x0000000000000000-0x0000000000000000), size 0, SharedBaseAddress: 0x0000000800000000, ArchiveRelocationMode: 1.
Narrow klass base: 0x0000000000000000, Narrow klass shift: 0, Narrow klass range: 0x0

GC Precious Log:
 CardTable entry size: 512
 Card Set container configuration: InlinePtr #cards 5 size 8 Array Of Cards #cards 12 size 40 Howl #buckets 4 coarsen threshold 1843 Howl Bitmap #cards 512 size 80 coarsen threshold 460 Card regions per heap region 1 cards per card region 2048

Heap:
 garbage-first heap   total reserved 2031616K, committed 0K, used 0K [0x0000000084000000, 0x0000000100000000)
  region size 1024K, 0 young (0K), 0 survivors (0K)

[error occurred during error reporting (printing heap information), id 0xc0000005, EXCEPTION_ACCESS_VIOLATION (0xc0000005) at pc=0x00007ffbe8a3e869]
GC Heap History (0 events):
No events

Dll operation events (1 events):
Event: 0.013 Loaded shared library C:\Program Files\Java\jdk-22\bin\java.dll

Deoptimization events (0 events):
No events

Classes loaded (0 events):
No events

Classes unloaded (0 events):
No events

Classes redefined (0 events):
No events

Internal exceptions (0 events):
No events

ZGC Phase Switch (0 events):
No events

VM Operations (0 events):
No events

Memory protections (0 events):
No events

Nmethod flushes (0 events):
No events

Events (0 events):
No events


Dynamic libraries:
0x00007ff687af0000 - 0x00007ff687b00000 	C:\Program Files\Java\jdk-22\bin\java.exe
0x00007ffc5b170000 - 0x00007ffc5b387000 	C:\WINDOWS\SYSTEM32\ntdll.dll
0x00007ffc58e60000 - 0x00007ffc58f24000 	C:\WINDOWS\System32\KERNEL32.DLL
0x00007ffc58740000 - 0x00007ffc58afa000 	C:\WINDOWS\System32\KERNELBASE.dll
0x00007ffc584b0000 - 0x00007ffc585c1000 	C:\WINDOWS\System32\ucrtbase.dll
0x00007ffc0cb30000 - 0x00007ffc0cb4b000 	C:\Program Files\Java\jdk-22\bin\VCRUNTIME140.dll
0x00007ffc51ed0000 - 0x00007ffc51ee7000 	C:\Program Files\Java\jdk-22\bin\jli.dll
0x00007ffc5af80000 - 0x00007ffc5b12e000 	C:\WINDOWS\System32\USER32.dll
0x00007ffc58b00000 - 0x00007ffc58b26000 	C:\WINDOWS\System32\win32u.dll
0x00007ffc41c50000 - 0x00007ffc41ee2000 	C:\WINDOWS\WinSxS\amd64_microsoft.windows.common-controls_6595b64144ccf1df_6.0.22621.4541_none_2710d1c57384c085\COMCTL32.dll
0x00007ffc594d0000 - 0x00007ffc594f9000 	C:\WINDOWS\System32\GDI32.dll
0x00007ffc59f50000 - 0x00007ffc59ff7000 	C:\WINDOWS\System32\msvcrt.dll
0x00007ffc58ca0000 - 0x00007ffc58dbb000 	C:\WINDOWS\System32\gdi32full.dll
0x00007ffc58dc0000 - 0x00007ffc58e5a000 	C:\WINDOWS\System32\msvcp_win.dll
0x00007ffc59490000 - 0x00007ffc594c1000 	C:\WINDOWS\System32\IMM32.DLL
0x00007ffc21760000 - 0x00007ffc2176c000 	C:\Program Files\Java\jdk-22\bin\vcruntime140_1.dll
0x00007ffbe9240000 - 0x00007ffbe92ce000 	C:\Program Files\Java\jdk-22\bin\msvcp140.dll
0x00007ffbe8300000 - 0x00007ffbe9049000 	C:\Program Files\Java\jdk-22\bin\server\jvm.dll
0x00007ffc59860000 - 0x00007ffc59912000 	C:\WINDOWS\System32\ADVAPI32.dll
0x00007ffc59b00000 - 0x00007ffc59ba7000 	C:\WINDOWS\System32\sechost.dll
0x00007ffc58c70000 - 0x00007ffc58c98000 	C:\WINDOWS\System32\bcrypt.dll
0x00007ffc59740000 - 0x00007ffc59854000 	C:\WINDOWS\System32\RPCRT4.dll
0x00007ffc58f30000 - 0x00007ffc58fa1000 	C:\WINDOWS\System32\WS2_32.dll
0x00007ffc58300000 - 0x00007ffc5834d000 	C:\WINDOWS\SYSTEM32\POWRPROF.dll
0x00007ffc50930000 - 0x00007ffc5093a000 	C:\WINDOWS\SYSTEM32\VERSION.dll
0x00007ffc4f190000 - 0x00007ffc4f1c4000 	C:\WINDOWS\SYSTEM32\WINMM.dll
0x00007ffc582e0000 - 0x00007ffc582f3000 	C:\WINDOWS\SYSTEM32\UMPDC.dll
0x00007ffc57410000 - 0x00007ffc57428000 	C:\WINDOWS\SYSTEM32\kernel.appcore.dll
0x00007ffc1c650000 - 0x00007ffc1c65a000 	C:\Program Files\Java\jdk-22\bin\jimage.dll
0x00007ffc55680000 - 0x00007ffc558b2000 	C:\WINDOWS\SYSTEM32\DBGHELP.DLL
0x00007ffc59bb0000 - 0x00007ffc59f41000 	C:\WINDOWS\System32\combase.dll
0x00007ffc59920000 - 0x00007ffc599f7000 	C:\WINDOWS\System32\OLEAUT32.dll
0x00007ffc3e370000 - 0x00007ffc3e3a2000 	C:\WINDOWS\SYSTEM32\dbgcore.DLL
0x00007ffc58430000 - 0x00007ffc584ab000 	C:\WINDOWS\System32\bcryptPrimitives.dll
0x00007ffc0c540000 - 0x00007ffc0c55e000 	C:\Program Files\Java\jdk-22\bin\java.dll
0x00007ffc5a4c0000 - 0x00007ffc5ad39000 	C:\WINDOWS\System32\SHELL32.dll
0x00007ffc59280000 - 0x00007ffc59425000 	C:\WINDOWS\System32\ole32.dll

dbghelp: loaded successfully - version: 4.0.5 - missing functions: none
symbol engine: initialized successfully - sym options: 0x614 - pdb path: .;C:\Program Files\Java\jdk-22\bin;C:\WINDOWS\SYSTEM32;C:\WINDOWS\WinSxS\amd64_microsoft.windows.common-controls_6595b64144ccf1df_6.0.22621.4541_none_2710d1c57384c085;C:\Program Files\Java\jdk-22\bin\server

VM Arguments:
jvm_args: -Dfile.encoding=UTF-8 --module-path=C:\Users\63945\Documents\AttendanceQrSystem\AttendanceQrSystem\build\classes 
java_command: forms.RegisterStudents
java_class_path (initial): C:\Users\63945\Downloads\Attendance Management System Jars-And-Images Jframe\AbsoluteLayout-RELEASE210.jar;C:\Users\63945\Downloads\Attendance Management System Jars-And-Images Jframe\bridj-0.6.2-windows-only.jar;C:\Users\63945\Downloads\Attendance Management System Jars-And-Images Jframe\bridj-0.7.0.jar;C:\Users\63945\Downloads\Attendance Management System Jars-And-Images Jframe\core-2.0.jar;C:\Users\63945\Downloads\Attendance Management System Jars-And-Images Jframe\core-3.3.0.jar;C:\Users\63945\Downloads\Attendance Management System Jars-And-Images Jframe\dx-1.7.jar;C:\Users\63945\Downloads\Attendance Management System Jars-And-Images Jframe\gson-2.10.1.jar;C:\Users\63945\Downloads\Attendance Management System Jars-And-Images Jframe\javase-2.0.jar;C:\Users\63945\Downloads\Attendance Management System Jars-And-Images Jframe\javase-3.3.0.jar;C:\Users\63945\Downloads\Attendance Management System Jars-And-Images Jframe\jcalendar-1.4.jar;C:\Users\63945\Downloads\Attendance Management System Jars-And-Images Jframe\log4j-1.2.17.jar;C:\Users\63945\Downloads\Attendance Management System Jars-And-Images Jframe\mysql-connector-java-8.0.20.jar;C:\Users\63945\Downloads\Attendance Management System Jars-And-Images Jframe\slf4j-api-1.6.2.jar;C:\Users\63945\Downloads\Attendance Management System Jars-And-Images Jframe\slf4j-log4j12-1.6.2.jar;C:\Users\63945\Downloads\Attendance Management System Jars-And-Images Jframe\webcam-capture-0.3.12.jar;C:\Users\63945\Documents\AttendanceQrSystem\AttendanceQrSystem\build\classes
Launcher Type: SUN_STANDARD

[Global flags]
     intx CICompilerCount                          = 4                                         {product} {ergonomic}
     uint ConcGCThreads                            = 2                                         {product} {ergonomic}
     uint G1ConcRefinementThreads                  = 8                                         {product} {ergonomic}
   size_t G1HeapRegionSize                         = 1048576                                   {product} {ergonomic}
   size_t InitialHeapSize                          = 130023424                                 {product} {ergonomic}
   size_t MarkStackSize                            = 4194304                                   {product} {ergonomic}
   size_t MaxHeapSize                              = 2080374784                                {product} {ergonomic}
   size_t MinHeapDeltaBytes                        = 1048576                                   {product} {ergonomic}
   size_t MinHeapSize                              = 8388608                                   {product} {ergonomic}
    uintx NonNMethodCodeHeapSize                   = 5839372                                {pd product} {ergonomic}
    uintx NonProfiledCodeHeapSize                  = 122909434                              {pd product} {ergonomic}
    uintx ProfiledCodeHeapSize                     = 122909434                              {pd product} {ergonomic}
    uintx ReservedCodeCacheSize                    = 251658240                              {pd product} {ergonomic}
     bool SegmentedCodeCache                       = true                                      {product} {ergonomic}
   size_t SoftMaxHeapSize                          = 2080374784                             {manageable} {ergonomic}
     bool UseCompressedOops                        = true                           {product lp64_product} {ergonomic}
     bool UseG1GC                                  = true                                      {product} {ergonomic}
     bool UseLargePagesIndividualAllocation        = false                                  {pd product} {ergonomic}

Logging:
Log output configuration:
 #0: stdout all=warning uptime,level,tags foldmultilines=false
 #1: stderr all=off uptime,level,tags foldmultilines=false

Environment Variables:
PATH=C:\Program Files\Common Files\Oracle\Java\javapath;C:\Program Files (x86)\Common Files\Oracle\Java\java8path;C:\Program Files (x86)\Common Files\Oracle\Java\javapath;C:\WINDOWS\system32;C:\WINDOWS;C:\WINDOWS\System32\Wbem;C:\WINDOWS\System32\WindowsPowerShell\v1.0\;C:\WINDOWS\System32\OpenSSH\;C:\Program Files\Git\cmd;C:\Users\63945\AppData\Local\Programs\Python\Python311;C:\Users\63945\AppData\Local\Programs\Python\Python311\Scripts;C:\Users\63945\Downloads\apache-ant-1.10.15-bin\apache-ant-1.10.15\bin;C:\Users\63945\AppData\Local\Programs\Python\Python313\Scripts\;C:\Users\63945\AppData\Local\Programs\Python\Python313\;C:\Users\63945\AppData\Local\Microsoft\WindowsApps;C:\Users\63945\AppData\Local\Programs\Microsoft VS Code\bin;C:\MinGW\bin;
USERNAME=63945
OS=Windows_NT
PROCESSOR_IDENTIFIER=Intel64 Family 6 Model 126 Stepping 5, GenuineIntel
TMP=C:\Users\63945\AppData\Local\Temp
TEMP=C:\Users\63945\AppData\Local\Temp




Periodic native trim disabled

---------------  S Y S T E M  ---------------

OS:
 Windows 11 , 64 bit Build 22621 (10.0.22621.4391)
OS uptime: 27 days 6:21 hours

CPU: total 8 (initial active 8) (4 cores per cpu, 2 threads per core) family 6 model 126 stepping 5 microcode 0xa6, cx8, cmov, fxsr, ht, mmx, 3dnowpref, sse, sse2, sse3, ssse3, sse4.1, sse4.2, popcnt, lzcnt, tsc, tscinvbit, avx, avx2, aes, erms, clmul, bmi1, bmi2, adx, avx512f, avx512dq, avx512cd, avx512bw, avx512vl, sha, fma, vzeroupper, avx512_vpopcntdq, avx512_vpclmulqdq, avx512_vaes, avx512_vnni, clflush, clflushopt, avx512_vbmi2, avx512_vbmi, rdtscp, rdpid, fsrm, gfni, avx512_bitalg, f16c, pku, avx512_ifma
Processor Information for processor 0
  Max Mhz: 1201, Current Mhz: 1000, Mhz Limit: 1201
Processor Information for processor 1
  Max Mhz: 1201, Current Mhz: 1201, Mhz Limit: 1201
Processor Information for processor 2
  Max Mhz: 1201, Current Mhz: 1000, Mhz Limit: 1201
Processor Information for processor 3
  Max Mhz: 1201, Current Mhz: 1201, Mhz Limit: 1201
Processor Information for processor 4
  Max Mhz: 1201, Current Mhz: 1000, Mhz Limit: 1201
Processor Information for processor 5
  Max Mhz: 1201, Current Mhz: 1000, Mhz Limit: 1201
Processor Information for processor 6
  Max Mhz: 1201, Current Mhz: 1000, Mhz Limit: 1201
Processor Information for processor 7
  Max Mhz: 1201, Current Mhz: 1000, Mhz Limit: 1201

Memory: 4k page, system-wide physical 7930M (273M free)
TotalPageFile size 32506M (AvailPageFile size 4M)
current process WorkingSet (physical memory assigned to process): 12M, peak: 12M
current process commit charge ("private bytes"): 185M, peak: 186M

vm_info: Java HotSpot(TM) 64-Bit Server VM (22.0.2+9-70) for windows-amd64 JRE (22.0.2+9-70), built on 2024-06-04T16:52:23Z by "mach5one" with MS VC++ 17.6 (VS2022)

END.
